връх Мусала
връх Вихрен
връх Кутело
връх Малка Мусала
връх Бански суходол
връх Иречек
Безименен връх
връх Голяма Тодорка
връх Мальовица
връх Момин двор
връх Алеко
връх Башлийски чукар
връх Малка Тодорка
връх Безбог
Ангелов връх
връх Равни чал 
връх Белмекен 
връх Камилата
Голям Мечи връх
връх Двуглав
връх Голям Мермер 
връх Додов 
връх Сиврия
Кози връх
връх Иглата
връх Голям Мечит
връх Ушите
Птичи връх 
връх Малък Мечит
връх Синаница
Янчов връх
Малък Мечи връх
връх Стражник 
връх Будачки камък
Куков връх
Царев връх
връх Ботев
връх Марков камък 
Черни връх